[2024-08-01T01:56:42.202+0000] {local_task_job_runner.py:120} INFO - ::group::Pre task execution logs
[2024-08-01T01:56:42.239+0000] {taskinstance.py:2076} INFO - Dependencies all met for dep_context=non-requeueable deps ti=<TaskInstance: welcome_dag.python_job manual__2024-08-01T01:56:29.982306+00:00 [queued]>
[2024-08-01T01:56:42.252+0000] {taskinstance.py:2076} INFO - Dependencies all met for dep_context=requeueable deps ti=<TaskInstance: welcome_dag.python_job manual__2024-08-01T01:56:29.982306+00:00 [queued]>
[2024-08-01T01:56:42.252+0000] {taskinstance.py:2306} INFO - Starting attempt 1 of 1
[2024-08-01T01:56:42.280+0000] {taskinstance.py:2330} INFO - Executing <Task(SparkSubmitOperator): python_job> on 2024-08-01 01:56:29.982306+00:00
[2024-08-01T01:56:42.284+0000] {standard_task_runner.py:64} INFO - Started process 88 to run task
[2024-08-01T01:56:42.287+0000] {standard_task_runner.py:90} INFO - Running: ['airflow', 'tasks', 'run', 'welcome_dag', 'python_job', 'manual__2024-08-01T01:56:29.982306+00:00', '--job-id', '18', '--raw', '--subdir', 'DAGS_FOLDER/welcome_dag.py', '--cfg-path', '/tmp/tmpw20r4ihs']
[2024-08-01T01:56:42.289+0000] {standard_task_runner.py:91} INFO - Job 18: Subtask python_job
[2024-08-01T01:56:42.389+0000] {task_command.py:426} INFO - Running <TaskInstance: welcome_dag.python_job manual__2024-08-01T01:56:29.982306+00:00 [running]> on host b328a0c6eacf
[2024-08-01T01:56:42.555+0000] {taskinstance.py:2648} INFO - Exporting env vars: AIRFLOW_CTX_DAG_OWNER='airflow' AIRFLOW_CTX_DAG_ID='welcome_dag' AIRFLOW_CTX_TASK_ID='python_job' AIRFLOW_CTX_EXECUTION_DATE='2024-08-01T01:56:29.982306+00:00' AIRFLOW_CTX_TRY_NUMBER='1' AIRFLOW_CTX_DAG_RUN_ID='manual__2024-08-01T01:56:29.982306+00:00'
[2024-08-01T01:56:42.556+0000] {taskinstance.py:430} INFO - ::endgroup::
[2024-08-01T01:56:42.589+0000] {base.py:84} INFO - Using connection ID 'spark_default' for task execution.
[2024-08-01T01:56:42.590+0000] {spark_submit.py:403} INFO - Spark-Submit cmd: spark-submit --master yarn --name arrow-spark --queue root.default jobs/word_count.py
[2024-08-01T01:56:42.704+0000] {spark_submit.py:579} INFO - /home/airflow/.local/lib/python3.12/site-packages/pyspark/bin/load-spark-env.sh: line 68: ps: command not found
[2024-08-01T01:56:42.705+0000] {spark_submit.py:579} INFO - JAVA_HOME is not set
[2024-08-01T01:56:42.706+0000] {taskinstance.py:441} INFO - ::group::Post task execution logs
[2024-08-01T01:56:42.723+0000] {taskinstance.py:2905} ERROR - Task failed with exception
Traceback (most recent call last):
  File "/home/airflow/.local/lib/python3.12/site-packages/airflow/models/taskinstance.py", line 465, in _execute_task
    result = _execute_callable(context=context, **execute_callable_kwargs)
             ^^^^^^^^^^^^^^^^^^^^^^^^^^^^^^^^^^^^^^^^^^^^^^^^^^^^^^^^^^^^^
  File "/home/airflow/.local/lib/python3.12/site-packages/airflow/models/taskinstance.py", line 432, in _execute_callable
    return execute_callable(context=context, **execute_callable_kwargs)
           ^^^^^^^^^^^^^^^^^^^^^^^^^^^^^^^^^^^^^^^^^^^^^^^^^^^^^^^^^^^^
  File "/home/airflow/.local/lib/python3.12/site-packages/airflow/models/baseoperator.py", line 401, in wrapper
    return func(self, *args, **kwargs)
           ^^^^^^^^^^^^^^^^^^^^^^^^^^^
  File "/home/airflow/.local/lib/python3.12/site-packages/airflow/providers/apache/spark/operators/spark_submit.py", line 174, in execute
    self._hook.submit(self.application)
  File "/home/airflow/.local/lib/python3.12/site-packages/airflow/providers/apache/spark/hooks/spark_submit.py", line 505, in submit
    raise AirflowException(
airflow.exceptions.AirflowException: Cannot execute: spark-submit --master yarn --name arrow-spark --queue root.default jobs/word_count.py. Error code is: 1.
[2024-08-01T01:56:42.729+0000] {taskinstance.py:1206} INFO - Marking task as FAILED. dag_id=welcome_dag, task_id=python_job, run_id=manual__2024-08-01T01:56:29.982306+00:00, execution_date=20240801T015629, start_date=20240801T015642, end_date=20240801T015642
[2024-08-01T01:56:42.883+0000] {standard_task_runner.py:110} ERROR - Failed to execute job 18 for task python_job (Cannot execute: spark-submit --master yarn --name arrow-spark --queue root.default jobs/word_count.py. Error code is: 1.; 88)
[2024-08-01T01:56:42.901+0000] {local_task_job_runner.py:243} INFO - Task exited with return code 1
[2024-08-01T01:56:42.936+0000] {taskinstance.py:3503} INFO - 0 downstream tasks scheduled from follow-on schedule check
[2024-08-01T01:56:42.973+0000] {local_task_job_runner.py:222} INFO - ::endgroup::
